2019/08/26 23:54:11 https://api.stlouisfed.org/fred/series&api_key=5c54752aec5df9b2e3b2bbf3ca587293&file_type=json
2019/08/26 23:54:15 [decodeObj] JSON ERROR: invalid character '<' looking for beginning of value
2019/08/26 23:54:15 METHOD: SERIES ERROR: There was an error in processing the query. Please contact the client administrator.
2019/08/26 23:55:18 https://api.stlouisfed.org/fred/series&api_key=5c54752aec5df9b2e3b2bbf3ca587293&file_type=json
2019/08/26 23:55:20 [decodeObj] JSON ERROR: invalid character '<' looking for beginning of value
2019/08/26 23:55:20 METHOD: SERIES ERROR: There was an error in processing the query. Please contact the client administrator.
2019/08/26 23:59:37 https://api.stlouisfed.org/fred/series?series_id=PCE&api_key=5c54752aec5df9b2e3b2bbf3ca587293&file_type=json
2019/08/26 23:59:38 https://api.stlouisfed.org/fred/series?series_id=RRSFS&api_key=5c54752aec5df9b2e3b2bbf3ca587293&file_type=json
2019/08/26 23:59:38 https://api.stlouisfed.org/fred/series?series_id=RSAFS&api_key=5c54752aec5df9b2e3b2bbf3ca587293&file_type=json
2019/08/26 23:59:38 https://api.stlouisfed.org/fred/series?series_id=DSPI&api_key=5c54752aec5df9b2e3b2bbf3ca587293&file_type=json
2019/08/26 23:59:38 https://api.stlouisfed.org/fred/series?series_id=PAYEMS&api_key=5c54752aec5df9b2e3b2bbf3ca587293&file_type=json
2019/08/26 23:59:38 https://api.stlouisfed.org/fred/series?series_id=ICSA&api_key=5c54752aec5df9b2e3b2bbf3ca587293&file_type=json
2019/08/26 23:59:38 https://api.stlouisfed.org/fred/series?series_id=TOTALSA&api_key=5c54752aec5df9b2e3b2bbf3ca587293&file_type=json
2019/08/26 23:59:38 https://api.stlouisfed.org/fred/series?series_id=INDPRO&api_key=5c54752aec5df9b2e3b2bbf3ca587293&file_type=json
2019/08/26 23:59:39 https://api.stlouisfed.org/fred/series?series_id=NEWORDER&api_key=5c54752aec5df9b2e3b2bbf3ca587293&file_type=json
2019/08/26 23:59:39 https://api.stlouisfed.org/fred/series?series_id=DGORDER&api_key=5c54752aec5df9b2e3b2bbf3ca587293&file_type=json
2019/08/26 23:59:39 https://api.stlouisfed.org/fred/series?series_id=WHLSLRIMSA&api_key=5c54752aec5df9b2e3b2bbf3ca587293&file_type=json
2019/08/27 00:00:35 https://api.stlouisfed.org/fred/series?series_id=PCE&api_key=5c54752aec5df9b2e3b2bbf3ca587293&file_type=json
2019/08/27 00:00:35 https://api.stlouisfed.org/fred/series?series_id=RRSFS&api_key=5c54752aec5df9b2e3b2bbf3ca587293&file_type=json
2019/08/27 00:00:35 https://api.stlouisfed.org/fred/series?series_id=RSAFS&api_key=5c54752aec5df9b2e3b2bbf3ca587293&file_type=json
2019/08/27 00:00:35 https://api.stlouisfed.org/fred/series?series_id=DSPI&api_key=5c54752aec5df9b2e3b2bbf3ca587293&file_type=json
2019/08/27 00:00:36 https://api.stlouisfed.org/fred/series?series_id=PAYEMS&api_key=5c54752aec5df9b2e3b2bbf3ca587293&file_type=json
2019/08/27 00:00:36 https://api.stlouisfed.org/fred/series?series_id=ICSA&api_key=5c54752aec5df9b2e3b2bbf3ca587293&file_type=json
2019/08/27 00:00:36 https://api.stlouisfed.org/fred/series?series_id=TOTALSA&api_key=5c54752aec5df9b2e3b2bbf3ca587293&file_type=json
2019/08/27 00:00:36 https://api.stlouisfed.org/fred/series?series_id=INDPRO&api_key=5c54752aec5df9b2e3b2bbf3ca587293&file_type=json
2019/08/27 00:00:36 https://api.stlouisfed.org/fred/series?series_id=NEWORDER&api_key=5c54752aec5df9b2e3b2bbf3ca587293&file_type=json
2019/08/27 00:00:36 https://api.stlouisfed.org/fred/series?series_id=DGORDER&api_key=5c54752aec5df9b2e3b2bbf3ca587293&file_type=json
2019/08/27 00:00:37 https://api.stlouisfed.org/fred/series?series_id=WHLSLRIMSA&api_key=5c54752aec5df9b2e3b2bbf3ca587293&file_type=json
2019/08/27 00:08:56 https://api.stlouisfed.org/fred/series?series_id=PCE&api_key=5c54752aec5df9b2e3b2bbf3ca587293&file_type=json
2019/08/27 00:08:56 https://api.stlouisfed.org/fred/series?series_id=RRSFS&api_key=5c54752aec5df9b2e3b2bbf3ca587293&file_type=json
2019/08/27 00:08:56 https://api.stlouisfed.org/fred/series?series_id=RSAFS&api_key=5c54752aec5df9b2e3b2bbf3ca587293&file_type=json
2019/08/27 00:08:56 https://api.stlouisfed.org/fred/series?series_id=DSPI&api_key=5c54752aec5df9b2e3b2bbf3ca587293&file_type=json
2019/08/27 00:08:57 https://api.stlouisfed.org/fred/series?series_id=PAYEMS&api_key=5c54752aec5df9b2e3b2bbf3ca587293&file_type=json
2019/08/27 00:08:57 https://api.stlouisfed.org/fred/series?series_id=ICSA&api_key=5c54752aec5df9b2e3b2bbf3ca587293&file_type=json
2019/08/27 00:08:57 https://api.stlouisfed.org/fred/series?series_id=TOTALSA&api_key=5c54752aec5df9b2e3b2bbf3ca587293&file_type=json
2019/08/27 00:08:57 https://api.stlouisfed.org/fred/series?series_id=INDPRO&api_key=5c54752aec5df9b2e3b2bbf3ca587293&file_type=json
2019/08/27 00:08:57 https://api.stlouisfed.org/fred/series?series_id=NEWORDER&api_key=5c54752aec5df9b2e3b2bbf3ca587293&file_type=json
2019/08/27 00:08:58 https://api.stlouisfed.org/fred/series?series_id=DGORDER&api_key=5c54752aec5df9b2e3b2bbf3ca587293&file_type=json
2019/08/27 00:08:58 https://api.stlouisfed.org/fred/series?series_id=WHLSLRIMSA&api_key=5c54752aec5df9b2e3b2bbf3ca587293&file_type=json
2019/08/27 00:13:16 https://api.stlouisfed.org/fred/series?realtime_start=2013-08-14&realtime_end=2019-08-27&series_id=PCE&api_key=5c54752aec5df9b2e3b2bbf3ca587293&file_type=json
2019/08/27 00:13:21 https://api.stlouisfed.org/fred/series?series_id=RRSFS&realtime_start=2013-08-14&realtime_end=2019-08-27&api_key=5c54752aec5df9b2e3b2bbf3ca587293&file_type=json
2019/08/27 00:13:21 https://api.stlouisfed.org/fred/series?series_id=RSAFS&realtime_start=2013-08-14&realtime_end=2019-08-27&api_key=5c54752aec5df9b2e3b2bbf3ca587293&file_type=json
2019/08/27 00:13:21 https://api.stlouisfed.org/fred/series?series_id=DSPI&realtime_start=2013-08-14&realtime_end=2019-08-27&api_key=5c54752aec5df9b2e3b2bbf3ca587293&file_type=json
2019/08/27 00:13:21 https://api.stlouisfed.org/fred/series?series_id=PAYEMS&realtime_start=2013-08-14&realtime_end=2019-08-27&api_key=5c54752aec5df9b2e3b2bbf3ca587293&file_type=json
2019/08/27 00:13:21 https://api.stlouisfed.org/fred/series?realtime_start=2013-08-14&realtime_end=2019-08-27&series_id=ICSA&api_key=5c54752aec5df9b2e3b2bbf3ca587293&file_type=json
2019/08/27 00:13:21 https://api.stlouisfed.org/fred/series?series_id=TOTALSA&realtime_start=2013-08-14&realtime_end=2019-08-27&api_key=5c54752aec5df9b2e3b2bbf3ca587293&file_type=json
2019/08/27 00:13:21 https://api.stlouisfed.org/fred/series?realtime_start=2013-08-14&realtime_end=2019-08-27&series_id=INDPRO&api_key=5c54752aec5df9b2e3b2bbf3ca587293&file_type=json
2019/08/27 00:13:22 https://api.stlouisfed.org/fred/series?series_id=NEWORDER&realtime_start=2013-08-14&realtime_end=2019-08-27&api_key=5c54752aec5df9b2e3b2bbf3ca587293&file_type=json
2019/08/27 00:13:22 https://api.stlouisfed.org/fred/series?series_id=DGORDER&realtime_start=2013-08-14&realtime_end=2019-08-27&api_key=5c54752aec5df9b2e3b2bbf3ca587293&file_type=json
2019/08/27 00:13:22     
2019/08/27 00:16:27 https://api.stlouisfed.org/fred/series?series_id=PCE&api_key=5c54752aec5df9b2e3b2bbf3ca587293&file_type=json
2019/08/27 00:16:28 https://api.stlouisfed.org/fred/series?series_id=RRSFS&api_key=5c54752aec5df9b2e3b2bbf3ca587293&file_type=json
2019/08/27 00:16:28 https://api.stlouisfed.org/fred/series?series_id=RSAFS&api_key=5c54752aec5df9b2e3b2bbf3ca587293&file_type=json
2019/08/27 00:16:28 https://api.stlouisfed.org/fred/series?series_id=DSPI&api_key=5c54752aec5df9b2e3b2bbf3ca587293&file_type=json
2019/08/27 00:16:28 https://api.stlouisfed.org/fred/series?series_id=PAYEMS&api_key=5c54752aec5df9b2e3b2bbf3ca587293&file_type=json
2019/08/27 00:16:29 https://api.stlouisfed.org/fred/series?series_id=ICSA&api_key=5c54752aec5df9b2e3b2bbf3ca587293&file_type=json
2019/08/27 00:16:29 https://api.stlouisfed.org/fred/series?series_id=TOTALSA&api_key=5c54752aec5df9b2e3b2bbf3ca587293&file_type=json
2019/08/27 00:16:29 https://api.stlouisfed.org/fred/series?series_id=INDPRO&api_key=5c54752aec5df9b2e3b2bbf3ca587293&file_type=json
2019/08/27 00:16:29 https://api.stlouisfed.org/fred/series?series_id=NEWORDER&api_key=5c54752aec5df9b2e3b2bbf3ca587293&file_type=json
2019/08/27 00:16:29 https://api.stlouisfed.org/fred/series?series_id=DGORDER&api_key=5c54752aec5df9b2e3b2bbf3ca587293&file_type=json
2019/08/27 00:16:29 https://api.stlouisfed.org/fred/series?series_id=WHLSLRIMSA&api_key=5c54752aec5df9b2e3b2bbf3ca587293&file_type=json
2019/08/27 00:20:30 https://api.stlouisfed.org/fred/series/observations?series_id=PCE&observation_start=2013-08-14&api_key=5c54752aec5df9b2e3b2bbf3ca587293&file_type=json
2019/08/27 00:22:47 https://api.stlouisfed.org/fred/series/observations?series_id=PCE&api_key=5c54752aec5df9b2e3b2bbf3ca587293&file_type=json
2019/08/27 00:22:48 https://api.stlouisfed.org/fred/series/observations?series_id=RRSFS&api_key=5c54752aec5df9b2e3b2bbf3ca587293&file_type=json
2019/08/27 00:22:48 https://api.stlouisfed.org/fred/series/observations?series_id=RSAFS&api_key=5c54752aec5df9b2e3b2bbf3ca587293&file_type=json
2019/08/27 00:22:48 https://api.stlouisfed.org/fred/series/observations?series_id=DSPI&api_key=5c54752aec5df9b2e3b2bbf3ca587293&file_type=json
2019/08/27 00:22:48 https://api.stlouisfed.org/fred/series/observations?series_id=PAYEMS&api_key=5c54752aec5df9b2e3b2bbf3ca587293&file_type=json
2019/08/27 00:22:48 https://api.stlouisfed.org/fred/series/observations?series_id=ICSA&api_key=5c54752aec5df9b2e3b2bbf3ca587293&file_type=json
2019/08/27 00:22:49 https://api.stlouisfed.org/fred/series/observations?series_id=TOTALSA&api_key=5c54752aec5df9b2e3b2bbf3ca587293&file_type=json
2019/08/27 00:22:49 https://api.stlouisfed.org/fred/series/observations?series_id=INDPRO&api_key=5c54752aec5df9b2e3b2bbf3ca587293&file_type=json
2019/08/27 00:22:49 https://api.stlouisfed.org/fred/series/observations?series_id=NEWORDER&api_key=5c54752aec5df9b2e3b2bbf3ca587293&file_type=json
2019/08/27 00:22:49 https://api.stlouisfed.org/fred/series/observations?series_id=DGORDER&api_key=5c54752aec5df9b2e3b2bbf3ca587293&file_type=json
2019/08/27 00:22:50 https://api.stlouisfed.org/fred/series/observations?series_id=WHLSLRIMSA&api_key=5c54752aec5df9b2e3b2bbf3ca587293&file_type=json
2019/08/27 00:23:20 https://api.stlouisfed.org/fred/series/observations?series_id=PCE&api_key=5c54752aec5df9b2e3b2bbf3ca587293&file_type=json
2019/08/27 00:39:24 https://api.stlouisfed.org/fred/series/observations?series_id=PCE&api_key=5c54752aec5df9b2e3b2bbf3ca587293&file_type=json
2019/08/27 00:43:22 https://api.stlouisfed.org/fred/series/observations?series_id=PCE&api_key=5c54752aec5df9b2e3b2bbf3ca587293&file_type=json
2019/08/27 00:43:39 https://api.stlouisfed.org/fred/series/observations?series_id=PCE&api_key=5c54752aec5df9b2e3b2bbf3ca587293&file_type=json
